<?xml version="1.0" encoding="UTF-8"?>
<!-- Generated by org.testng.reporters.JUnitReportReporter -->
<testsuite hostname="MSI" failures="0" tests="1" name="com.Test.Test3" time="2.280" errors="0" timestamp="2022-10-29T10:48:42 IST" skipped="0">
  <testcase classname="com.Test.Test3" name="TestB" time="2.280"/>
  <system-out/>
</testsuite> <!-- com.Test.Test3 -->
