<?xml version="1.0" encoding="UTF-8"?>
<!-- Generated by org.testng.reporters.JUnitReportReporter -->
<testsuite hostname="MSI" failures="0" tests="1" name="com.Test.Test2" time="2.294" errors="0" timestamp="2022-10-29T10:48:42 IST" skipped="0">
  <testcase classname="com.Test.Test2" name="TestA" time="2.294"/>
  <system-out/>
</testsuite> <!-- com.Test.Test2 -->
